<?xml version="1.0" encoding="UTF-8"?>
<!-- Generated by org.testng.reporters.JUnitReportReporter -->
<testsuite hostname="Prachis-MacBook-Air.local" failures="0" tests="10" name="Rediff.ExternalDDLogin" time="70.746" errors="0" timestamp="2021-10-25T20:23:22 IST" skipped="0">
  <testcase classname="Rediff.ExternalDDLogin" name="chrome" time="8.401"/>
  <system-out/>
  <testcase classname="Rediff.ExternalDDLogin" name="chrome" time="5.205"/>
  <system-out/>
  <testcase classname="Rediff.ExternalDDLogin" name="chrome" time="7.069"/>
  <system-out/>
  <testcase classname="Rediff.ExternalDDLogin" name="chrome" time="4.900"/>
  <system-out/>
  <testcase classname="Rediff.ExternalDDLogin" name="chrome" time="5.703"/>
  <system-out/>
  <testcase classname="Rediff.ExternalDDLogin" name="chrome" time="5.044"/>
  <system-out/>
  <testcase classname="Rediff.ExternalDDLogin" name="chrome" time="17.223"/>
  <system-out/>
  <testcase classname="Rediff.ExternalDDLogin" name="chrome" time="5.095"/>
  <system-out/>
  <testcase classname="Rediff.ExternalDDLogin" name="chrome" time="5.159"/>
  <system-out/>
  <testcase classname="Rediff.ExternalDDLogin" name="chrome" time="6.947"/>
  <system-out/>
</testsuite> <!-- Rediff.ExternalDDLogin -->
