<?xml version="1.0" encoding="UTF-8"?>
<!-- Generated by org.testng.reporters.JUnitReportReporter -->
<testsuite hostname="Prachis-MacBook-Air.local" failures="0" tests="1" name="rediffpomtest.ColorTest" time="11.922" errors="0" timestamp="2021-10-27T19:59:50 IST" skipped="0">
  <testcase classname="rediffpomtest.ColorTest" name="f" time="11.922"/>
  <system-out/>
</testsuite> <!-- rediffpomtest.ColorTest -->
