<?xml version="1.0" encoding="UTF-8"?>
<!-- Generated by org.testng.reporters.JUnitReportReporter -->
<testsuite hostname="Prachis-MacBook-Air.local" failures="0" tests="5" name="tddTest.NewTest" time="0.016" errors="0" timestamp="2021-11-08T19:41:10 IST" skipped="0">
  <testcase classname="tddTest.NewTest" name="test1" time="0.008"/>
  <system-out/>
  <testcase classname="tddTest.NewTest" name="test3" time="0.002"/>
  <system-out/>
  <testcase classname="tddTest.NewTest" name="test4" time="0.002"/>
  <system-out/>
  <testcase classname="tddTest.NewTest" name="test5" time="0.002"/>
  <system-out/>
  <testcase classname="tddTest.NewTest" name="test2" time="0.002"/>
  <system-out/>
</testsuite> <!-- tddTest.NewTest -->
