<?xml version="1.0" encoding="UTF-8"?>
<!-- Generated by org.testng.reporters.JUnitReportReporter -->
<testsuite hostname="Prachis-MacBook-Air.local" failures="0" tests="4" name="Rediff.Login" time="20.364" errors="0" timestamp="2021-10-25T19:01:15 IST" skipped="0">
  <testcase classname="Rediff.Login" name="chrome" time="4.552"/>
  <system-out/>
  <testcase classname="Rediff.Login" name="chrome" time="5.171"/>
  <system-out/>
  <testcase classname="Rediff.Login" name="chrome" time="3.556"/>
  <system-out/>
  <testcase classname="Rediff.Login" name="chrome" time="7.085"/>
  <system-out/>
</testsuite> <!-- Rediff.Login -->
