<?xml version="1.0" encoding="UTF-8"?>
<!-- Generated by org.testng.reporters.JUnitReportReporter -->
<testsuite hostname="Prachis-MacBook-Air.local" failures="0" tests="1" name="rediffpomtest.LoginScreenshot" time="16.746" errors="0" timestamp="2021-10-27T18:51:19 IST" skipped="0">
  <testcase classname="rediffpomtest.LoginScreenshot" name="f" time="16.746"/>
  <system-out/>
</testsuite> <!-- rediffpomtest.LoginScreenshot -->
