<?xml version="1.0" encoding="UTF-8"?>
<!-- Generated by org.testng.reporters.JUnitReportReporter -->
<testsuite hostname="Prachis-MacBook-Air.local" failures="0" tests="1" name="rediffpomtest.PomFactoryTest" time="15.280" errors="0" timestamp="2021-10-26T19:57:09 IST" skipped="0">
  <testcase classname="rediffpomtest.PomFactoryTest" name="f" time="15.280"/>
  <system-out/>
</testsuite> <!-- rediffpomtest.PomFactoryTest -->
