<?xml version="1.0" encoding="UTF-8"?>
<!-- Generated by org.testng.reporters.JUnitReportReporter -->
<testsuite hostname="Prachis-MacBook-Air.local" failures="0" tests="1" name="rediffpomtest.SeleniumIDERediff" time="41.298" errors="0" timestamp="2021-10-28T20:04:49 IST" skipped="0">
  <testcase classname="rediffpomtest.SeleniumIDERediff" name="f" time="41.298"/>
  <system-out/>
</testsuite> <!-- rediffpomtest.SeleniumIDERediff -->
