<?xml version="1.0" encoding="UTF-8"?>
<!-- Generated by org.testng.reporters.JUnitReportReporter -->
<testsuite hostname="Prachis-MacBook-Air.local" failures="0" tests="10" name="rediffpomtest.TestHelper" time="16.238" errors="0" timestamp="2021-11-01T19:41:23 IST" skipped="0">
  <testcase classname="rediffpomtest.TestHelper" name="readData" time="0.015"/>
  <system-out/>
  <testcase classname="rediffpomtest.TestHelper" name="readData" time="0.073"/>
  <system-out/>
  <testcase classname="rediffpomtest.TestHelper" name="readData" time="0.012"/>
  <system-out/>
  <testcase classname="rediffpomtest.TestHelper" name="readData" time="0.007"/>
  <system-out/>
  <testcase classname="rediffpomtest.TestHelper" name="f" time="16.103"/>
  <system-out/>
  <testcase classname="rediffpomtest.TestHelper" name="readData" time="0.009"/>
  <system-out/>
  <testcase classname="rediffpomtest.TestHelper" name="readData" time="0.008"/>
  <system-out/>
  <testcase classname="rediffpomtest.TestHelper" name="readData" time="0.005"/>
  <system-out/>
  <testcase classname="rediffpomtest.TestHelper" name="readData" time="0.002"/>
  <system-out/>
  <testcase classname="rediffpomtest.TestHelper" name="readData" time="0.004"/>
  <system-out/>
</testsuite> <!-- rediffpomtest.TestHelper -->
