<?xml version="1.0" encoding="UTF-8"?>
<!-- Generated by org.testng.reporters.JUnitReportReporter -->
<testsuite hostname="Prachis-MacBook-Air.local" failures="0" tests="9" name="Rediff.ExternalDDHmapLogin" time="83.892" errors="0" timestamp="2021-10-26T19:10:36 IST" skipped="0">
  <testcase classname="Rediff.ExternalDDHmapLogin" name="chrome" time="5.352"/>
  <system-out/>
  <testcase classname="Rediff.ExternalDDHmapLogin" name="chrome" time="5.881"/>
  <system-out/>
  <testcase classname="Rediff.ExternalDDHmapLogin" name="chrome" time="9.823"/>
  <system-out/>
  <testcase classname="Rediff.ExternalDDHmapLogin" name="chrome" time="7.574"/>
  <system-out/>
  <testcase classname="Rediff.ExternalDDHmapLogin" name="chrome" time="8.349"/>
  <system-out/>
  <testcase classname="Rediff.ExternalDDHmapLogin" name="chrome" time="10.392"/>
  <system-out/>
  <testcase classname="Rediff.ExternalDDHmapLogin" name="chrome" time="9.665"/>
  <system-out/>
  <testcase classname="Rediff.ExternalDDHmapLogin" name="chrome" time="6.075"/>
  <system-out/>
  <testcase classname="Rediff.ExternalDDHmapLogin" name="chrome" time="20.781"/>
  <system-out/>
</testsuite> <!-- Rediff.ExternalDDHmapLogin -->
