<?xml version="1.0" encoding="UTF-8"?>
<!-- Generated by org.testng.reporters.JUnitReportReporter -->
<testsuite hostname="Prachis-MacBook-Air.local" failures="0" tests="1" name="rediffpomtest.Login_Invalid_1" time="14.957" errors="0" timestamp="2021-10-22T20:06:43 IST" skipped="0">
  <testcase classname="rediffpomtest.Login_Invalid_1" name="f" time="14.957"/>
  <system-out/>
</testsuite> <!-- rediffpomtest.Login_Invalid_1 -->
